<?xml version="1.0" encoding="UTF-8"?>
<!-- Generated by org.testng.reporters.JUnitXMLReporter -->
<testsuite ignored="0" hostname="LAPTOP-A4ROGLP3" failures="0" tests="11" name="Default test" time="66.474" errors="0" timestamp="2023-09-15T21:18:29 IST">
  <testcase classname="practice.FetchDataFromExcelByDataProvider" name="use" time="6.834"/>
  <testcase classname="practice.FetchDataFromExcelByDataProvider" name="use" time="5.699"/>
  <testcase classname="practice.FetchDataFromExcelByDataProvider" name="use" time="5.878"/>
  <testcase classname="practice.FetchDataFromExcelByDataProvider" name="use" time="6.789"/>
  <testcase classname="practice.FetchDataFromExcelByDataProvider" name="use" time="6.101"/>
  <testcase classname="practice.FetchDataFromExcelByDataProvider" name="use" time="5.554"/>
  <testcase classname="practice.FetchDataFromExcelByDataProvider" name="use" time="5.76"/>
  <testcase classname="practice.FetchDataFromExcelByDataProvider" name="use" time="5.711"/>
  <testcase classname="practice.FetchDataFromExcelByDataProvider" name="use" time="5.763"/>
  <testcase classname="practice.FetchDataFromExcelByDataProvider" name="use" time="5.974"/>
  <testcase classname="practice.FetchDataFromExcelByDataProvider" name="use" time="5.772"/>
</testsuite> <!-- Default test -->
