<?xml version="1.0" encoding="UTF-8"?>
<testng-results ignored="0" total="1" passed="1" failed="0" skipped="0">
  <reporter-output>
  </reporter-output>
  <suite started-at="2023-10-20T17:35:03 IST" name="Default suite" finished-at="2023-10-20T17:36:02 IST" duration-ms="58963">
    <groups>
    </groups>
    <test started-at="2023-10-20T17:35:03 IST" name="Default test" finished-at="2023-10-20T17:36:02 IST" duration-ms="58963">
      <class name="Task.Task3">
        <test-method signature="task3()[pri:0, instance:Task.Task3@409bf450]" started-at="2023-10-20T17:35:03 IST" name="task3" finished-at="2023-10-20T17:36:02 IST" duration-ms="58925" status="PASS">
          <reporter-output>
          </reporter-output>
        </test-method> <!-- task3 -->
      </class> <!-- Task.Task3 -->
    </test> <!-- Default test -->
  </suite> <!-- Default suite -->
</testng-results>
