<?xml version="1.0" encoding="UTF-8"?>
<testng-results ignored="0" total="1" passed="1" failed="0" skipped="0">
  <reporter-output>
  </reporter-output>
  <suite started-at="2023-10-06T00:19:29 IST" name="Default suite" finished-at="2023-10-06T00:20:46 IST" duration-ms="77155">
    <groups>
    </groups>
    <test started-at="2023-10-06T00:19:29 IST" name="Default test" finished-at="2023-10-06T00:20:46 IST" duration-ms="77155">
      <class name="practice.BrokenLinkFind">
        <test-method signature="brokenlink()[pri:0, instance:practice.BrokenLinkFind@3349e9bb]" started-at="2023-10-06T00:19:29 IST" name="brokenlink" finished-at="2023-10-06T00:20:46 IST" duration-ms="77121" status="PASS">
          <reporter-output>
          </reporter-output>
        </test-method> <!-- brokenlink -->
      </class> <!-- practice.BrokenLinkFind -->
    </test> <!-- Default test -->
  </suite> <!-- Default suite -->
</testng-results>
