<?xml version="1.0" encoding="UTF-8"?>
<!-- Generated by org.testng.reporters.JUnitXMLReporter -->
<testsuite ignored="0" hostname="LAPTOP-A4ROGLP3" failures="0" tests="4" name="chrometest" time="27.049" errors="0" timestamp="2023-09-11T23:51:46 IST">
  <testcase classname="ParallelTesting.Flipkart" name="flipkart" time="2.646"/>
  <testcase classname="ParallelTesting.Amazon" name="amazon" time="2.05"/>
  <testcase classname="ParallelTesting.Icc" name="icc" time="6.248"/>
  <testcase classname="ParallelTesting.MakeMyTrip" name="trip" time="10.457"/>
</testsuite> <!-- chrometest -->
