<?xml version="1.0" encoding="UTF-8"?>
<!-- Generated by org.testng.reporters.JUnitXMLReporter -->
<testsuite ignored="0" hostname="LAPTOP-A4ROGLP3" failures="0" tests="4" name="chrometest" time="198.573" errors="0" timestamp="2023-10-02T12:13:31 IST">
  <testcase classname="Parallel_And_CrossBrowser_Testing.Amazon" name="amazon" time="37.135"/>
  <testcase classname="Parallel_And_CrossBrowser_Testing.Amazon" name="flipkart" time="9.399"/>
  <testcase classname="Parallel_And_CrossBrowser_Testing.Amazon" name="icc" time="97.859"/>
  <testcase classname="Parallel_And_CrossBrowser_Testing.Amazon" name="trip" time="49.917"/>
</testsuite> <!-- chrometest -->
