<?xml version="1.0" encoding="UTF-8"?>
<!-- Generated by org.testng.reporters.JUnitXMLReporter -->
<testsuite ignored="0" hostname="LAPTOP-A4ROGLP3" failures="0" tests="4" name="class" time="38.523" errors="0" timestamp="2023-09-11T23:19:55 IST">
  <testcase classname="ParallelTesting.Flipkart" name="flipkart" time="8.639"/>
  <testcase classname="ParallelTesting.Amazon" name="amazon" time="8.601"/>
  <testcase classname="ParallelTesting.Icc" name="icc" time="8.77"/>
  <testcase classname="ParallelTesting.MakeMyTrip" name="trip" time="12.463"/>
</testsuite> <!-- class -->
