<?xml version="1.0" encoding="UTF-8"?>
<!-- Generated by org.testng.reporters.JUnitXMLReporter -->
<testsuite ignored="0" hostname="LAPTOP-A4ROGLP3" failures="0" tests="4" name="edgetest" time="182.638" errors="0" timestamp="2023-10-02T12:21:43 IST">
  <testcase classname="Parallel_And_CrossBrowser_Testing.Amazon" name="amazon" time="33.515"/>
  <testcase classname="Parallel_And_CrossBrowser_Testing.Amazon" name="flipkart" time="24.821"/>
  <testcase classname="Parallel_And_CrossBrowser_Testing.Amazon" name="icc" time="36.656"/>
  <testcase classname="Parallel_And_CrossBrowser_Testing.Amazon" name="trip" time="42.38"/>
</testsuite> <!-- edgetest -->
