<?xml version="1.0" encoding="UTF-8"?>
<!-- Generated by org.testng.reporters.JUnitXMLReporter -->
<testsuite ignored="0" hostname="LAPTOP-A4ROGLP3" failures="0" tests="4" name="edgetest" time="53.629" errors="0" timestamp="2023-09-11T23:53:23 IST">
  <testcase classname="ParallelTesting.Flipkart" name="flipkart" time="6.058"/>
  <testcase classname="ParallelTesting.Amazon" name="amazon" time="10.925"/>
  <testcase classname="ParallelTesting.Icc" name="icc" time="6.101"/>
  <testcase classname="ParallelTesting.MakeMyTrip" name="trip" time="6.658"/>
</testsuite> <!-- edgetest -->
