<?xml version="1.0" encoding="UTF-8"?>
<!-- Generated by org.testng.reporters.JUnitXMLReporter -->
<testsuite ignored="0" hostname="LAPTOP-A4ROGLP3" failures="0" tests="4" name="firefoxtest" time="309.217" errors="0" timestamp="2023-10-02T12:18:40 IST">
  <testcase classname="Parallel_And_CrossBrowser_Testing.Amazon" name="amazon" time="29.832"/>
  <testcase classname="Parallel_And_CrossBrowser_Testing.Amazon" name="flipkart" time="32.271"/>
  <testcase classname="Parallel_And_CrossBrowser_Testing.Amazon" name="icc" time="133.32"/>
  <testcase classname="Parallel_And_CrossBrowser_Testing.Amazon" name="trip" time="101.01"/>
</testsuite> <!-- firefoxtest -->
