<?xml version="1.0" encoding="UTF-8"?>
<!-- Generated by org.testng.reporters.JUnitXMLReporter -->
<testsuite ignored="0" hostname="LAPTOP-A4ROGLP3" failures="0" tests="4" name="firefoxtest" time="43.709" errors="0" timestamp="2023-09-11T23:52:30 IST">
  <testcase classname="ParallelTesting.Flipkart" name="flipkart" time="5.077"/>
  <testcase classname="ParallelTesting.Amazon" name="amazon" time="7.906"/>
  <testcase classname="ParallelTesting.Icc" name="icc" time="5.976"/>
  <testcase classname="ParallelTesting.MakeMyTrip" name="trip" time="6.765"/>
</testsuite> <!-- firefoxtest -->
