<?xml version="1.0" encoding="UTF-8"?>
<!-- Generated by org.testng.reporters.JUnitXMLReporter -->
<testsuite ignored="0" hostname="LAPTOP-A4ROGLP3" failures="0" tests="4" name="method" time="45.595" errors="0" timestamp="2023-09-11T23:17:55 IST">
  <testcase classname="ParallelTesting.Flipkart" name="flipkart" time="11.506"/>
  <testcase classname="ParallelTesting.Amazon" name="amazon" time="7.607"/>
  <testcase classname="ParallelTesting.Icc" name="icc" time="8.696"/>
  <testcase classname="ParallelTesting.MakeMyTrip" name="trip" time="17.737"/>
</testsuite> <!-- method -->
