<?xml version="1.0" encoding="UTF-8"?>
<!-- Generated by org.testng.reporters.JUnitXMLReporter -->
<testsuite ignored="6" hostname="LAPTOP-A4ROGLP3" failures="0" tests="4" name="Test" time="79.404" errors="0" timestamp="2023-07-13T18:14:23 IST">
  <testcase classname="Com.Hms.TestYantratest.Integration_between_Doctor_and_PateintTest" name="doctor" time="24.767"/>
  <testcase classname="Com.Hms.TestYantratest.Check_ReportTest" name="report" time="11.133"/>
  <testcase classname="Com.Hms.TestYantratest.Manage_Patient_HistorTest" name="history" time="13.915"/>
  <testcase classname="Com.Hms.TestYantratest.Adding_Doctors_and_and_search_PatientsTest" name="patient" time="23.012"/>
  <testcase classname="hms.genericutility.BaceClass" name="@BeforeSuite connectToDB" time="0.0">
    <ignored/>
  </testcase> <!-- @BeforeSuite connectToDB -->
  <testcase classname="hms.genericutility.BaceClass" name="@BeforeSuite connectToDB" time="0.0">
    <ignored/>
  </testcase> <!-- @BeforeSuite connectToDB -->
  <testcase classname="hms.genericutility.BaceClass" name="@AfterSuite closeDB" time="0.0">
    <ignored/>
  </testcase> <!-- @AfterSuite closeDB -->
  <testcase classname="hms.genericutility.BaceClass" name="@AfterSuite closeDB" time="0.0">
    <ignored/>
  </testcase> <!-- @AfterSuite closeDB -->
  <testcase classname="hms.genericutility.BaceClass" name="@AfterSuite closeDB" time="0.0">
    <ignored/>
  </testcase> <!-- @AfterSuite closeDB -->
  <testcase classname="hms.genericutility.BaceClass" name="@BeforeSuite connectToDB" time="0.0">
    <ignored/>
  </testcase> <!-- @BeforeSuite connectToDB -->
</testsuite> <!-- Test -->
